Traceback (most recent call last):
  File "/data/XueMengYang/MSP_new/XueProject/数据查验/7.2-2.py", line 80, in <module>
    judge(load_pseudo_labels())
  File "/data/XueMengYang/MSP_new/XueProject/数据查验/7.2-2.py", line 71, in judge
    if nx.has_path(G, bases[i], bases[j]):
  File "/data/XueMengYang/miniconda3/envs/graph/lib/python3.10/site-packages/networkx/algorithms/shortest_paths/generic.py", line 33, in has_path
    nx.shortest_path(G, source, target)
  File "/data/XueMengYang/miniconda3/envs/graph/lib/python3.10/site-packages/networkx/algorithms/shortest_paths/generic.py", line 165, in shortest_path
    paths = nx.bidirectional_shortest_path(G, source, target)
  File "/data/XueMengYang/miniconda3/envs/graph/lib/python3.10/site-packages/networkx/algorithms/shortest_paths/unweighted.py", line 224, in bidirectional_shortest_path
    results = _bidirectional_pred_succ(G, source, target)
  File "/data/XueMengYang/miniconda3/envs/graph/lib/python3.10/site-packages/networkx/algorithms/shortest_paths/unweighted.py", line 276, in _bidirectional_pred_succ
    if w not in pred:
KeyboardInterrupt
808
72
607
389
206
479
130
183
223
220
89
173
92
361
102
285
98
127
89
130
126
262
186
51
60
64
142
326
411
232
370
550
213
115
51
192
465
291
303
442
504
291
618
186
394
258
184
102
217
234
236
262
213
146
92
138
265
187
378
261
219
193
400
154
516
263
237
258
191
191
100
131
74
316
310
363
216
585
172
182
73
144
266
360
285
213
117
200
215
154
230
411
223
86
96
118
61
31
115
158
126
140
35
173
70
96
259
172
293
152
402
138
147
109
100
125
173
119
256
116
565
29
53
65
95
68
140
100
95
119
181
204
101
231
304
112
124
271
49
247
65
89
37
30
27
37
50
157
112
196
71
37
152
77
61
294
216
226
278
35
216
299
188
221
121
146
163
121
140
95
170
311
237
99
158
223
212
104
122
119
417
226
180
96
146
114
302
283
252
237
173
113
69
202
157
156
148
65
294
235
144
154
124
204
114
112
231
121
553
127
196
251
189
164
42
52
212
392
269
438
229
180
223
212
125
158
430
89
177
277
97
93
204
139
150
236
191
62
147
128
96
152
25
44
191
201
147
119
222
255
276
229
171
135
94
98
82
123
109
131
140
19
131
159
187
192
152
444
170
167
487
220
112
191
55
155
284
122
169
110
106
121
142
82
141
213
95
125
140
130
218
79
127
129
140
154
118
277
95
240
171
104
79
168
59
44
79
191
83
152
130
110
71
115
316
277
44
61
94
186
50
54
103
138
109
97
143
67
135
105
127
14
134
146
117
48
160
146
79
('110000799560263', '110000799560262')
('110000799560263', '110000799560264')
('110000799560262', '110000799560909')
('110000799560262', '110000799560925')
('110000799560262', '110000_福寿岭')
('110000799560264', '110000799560265')
('110000799560265', '110000799560266')
('110000799560266', '110000799560267')
('110000799560267', '110000799560268')
('110000799560268', '110000799560269')
('110000799560269', '110000799560349')
('110000799560269', '110000799560071')
('110000799560269', '110000799560351')
('110000799560349', '110000799560068')
('110000799560071', '110000799560072')
('110000799560071', '110000799560271')
('110000799560071', '110000799560070')
('110000799560351', '110000799560089')
('110000799560072', '110000799560073')
('110000799560271', '110000_玉渊潭东门')
('110000799560271', '110000799560272')
('110000799560271', '110000799560728')
('110000799560070', '110000799560727')
('110000799560070', '110000799560069')
('110000_玉渊潭东门', '110000_甘家口')
('110000799560272', '110000799560273')
('110000799560728', '110000799560727')
('110000799560728', '110000799560729')
('110000799560728', '110000_红莲南里')
('110000799560273', '110000799560274')
('110000799560273', '110000799560415')
('110000799560273', '110000799560413')
('110000799560274', '110000799560453')
('110000799560274', '110000799560275')
('110000799560274', '110000799560412')
('110000799560415', '110000799560093')
('110000799560413', '110000799560412')
('110000799560453', '110000799560452')
('110000799560275', '110000799560276')
('110000799560412', '110000799560456')
('110000799560412', '110000799560411')
('110000799560276', '110000799560277')
('110000799560277', '110000_金鱼胡同')
('110000799560277', '110000799560198')
('110000799560277', '110000799560410')
('110000_金鱼胡同', '110000799560618')
('110000799560198', '110000799560279')
('110000799560198', '110000799560199')
('110000799560198', '110000799560197')
('110000799560410', '110000799560732')
('110000799560410', '110000799560197')
('110000799560410', '110000799560411')
('110000799560279', '110000799560098')
('110000799560279', '110000799560280')
('110000799560279', '110000799560408')
('110000799560199', '110000799560097')
('110000799560197', '110000799560196')
('110000799560197', '110000799560408')
('110000799560098', '110000799560097')
('110000799560098', '110000799560099')
('110000799560098', '110000799560405')
('110000799560280', '110000799560736')
('110000799560280', '110000799560099')
('110000799560280', '110000799560281')
('110000799560736', '110000799560735')
('110000799560736', '110000799560331')
('110000799560736', '110000_潘家园西')
('110000799560099', '110000799560100')
('110000799560099', '110000799560329')
('110000799560099', '110000_工人体育场')
('110000799560099', '110000_京广桥')
('110000799560281', '110000799560282')
('110000799560281', '110000799560329')
('110000799560281', '110000799560331')
('110000799560282', '110000799560649')
('110000799560282', '110000_北京东站')
('110000799560282', '110000_红庙')
('110000799560282', '110000_核心区')
('110000799560282', '110000799560283')
('110000799560329', '110000_红庙')
('110000799560329', '110000799560100')
('110000799560331', '110000799560332')
('110000799560331', '110000799560649')
('110000799560649', '110000799560739')
('110000799560649', '110000799560648')
('110000_北京东站', '110000799560739')
('110000_红庙', '110000799560101')
('110000_红庙', '110000_慈云寺桥')
('110000_核心区', '110000_光华路')
('110000799560283', '110000799560284')
('110000799560284', '110000799560546')
('110000799560546', '110000799560547')
('110000799560069', '110000799560068')
('110000799560729', '110000799560456')
('110000_红莲南里', '110000_丽泽商务区')
('110000799560456', '110000799560457')
('110000799560456', '110000799560731')
('110000799560457', '110000799560458')
('110000799560731', '110000799560732')
('110000799560732', '110000799560813')
('110000799560732', '110000799560733')
('110000799560813', '110000799560641')
('110000799560733', '110000799560196')
('110000799560196', '110000799560735')
('110000799560196', '110000799560195')
('110000799560195', '110000799560194')
('110000_潘家园西', '110000799560334')
('110000799560332', '110000799560333')
('110000799560739', '110000799560740')
('110000799560739', '110000_广渠路')
('110000799560648', '110000799560647')
('110000799560740', '110000799560836')
('110000_广渠路', '110000_广渠东路')
('110000799560836', '110000799560837')
('110000799560837', '110000799560741')
('110000799560741', '110000799560742')
('110000799560742', '110000799560743')
('110000799560743', '110000799560744')
('110000799560744', '110000799753930')
('110000799753930', '110000799753929')
('110000799753929', '110000799123352')
('110000799123352', '110000799753927')
('110000799753927', '110000_万盛东')
('110000_万盛东', '110000799753925')
('110000799753925', '110000799753924')
('110000799753924', '110000799770817')
('110000799770817', '110000799560556')
('110000799770817', '110000_环球度假区')
('110000799560556', '110000799560555')
('110000799560877', '110000799560878')
('110000799560878', '110000799560879')
('110000799560879', '110000799560880')
('110000799560879', '110000_老城区')
('110000799560880', '110000799560881')
('110000_老城区', '110000_顾册')
('110000799560881', '110000799560882')
('110000799560882', '110000799560883')
('110000799560883', '110000799560884')
('110000799560884', '110000799560885')
('110000799560885', '110000799560138')
('110000799560138', '110000799560137')
('110000_甘家口', '110000_二里沟')
('110000_二里沟', '110000799560074')
('110000_二里沟', '110000799560073')
('110000_二里沟', '110000799560092')
('110000799560074', '110000799560446')
('110000799560074', '110000799560073')
('110000799560074', '110000_万寿寺')
('110000799560074', '110000799560448')
('110000799560073', '110000799560090')
('110000799560092', '110000799560093')
('110000799560446', '110000799560445')
('110000_万寿寺', '110000_苏州桥')
('110000799560448', '110000799560417')
('110000_苏州桥', '110000799560309')
('110000_苏州桥', '110000799560312')
('110000_苏州桥', '110000799560445')
('110000799560309', '110000799560308')
('110000799560309', '110000799560310')
('110000799560309', '110000_远大路')
('110000799560312', '110000799560311')
('110000799560312', '110000799560313')
('110000799560312', '110000_万泉河桥')
('110000799560445', '110000799560313')
('110000799560445', '110000799560584')
('110000799560311', '110000799560715')
('110000799560311', '110000799560310')
('110000799560313', '110000799560443')
('110000799560313', '110000799560314')
('110000_万泉河桥', '110000799560440')
('110000799560440', '110000799560439')
('110000799560440', '110000799560441')
('110000799560440', '110000799560858')
('110000799560439', '110000799560438')
('110000799560441', '110000799560442')
('110000799560858', '110000799560859')
('110000799560859', '110000799560860')
('110000799560860', '110000799560861')
('110000799560861', '110000799560862')
('110000799560862', '110000799560863')
('110000799560863', '110000799560864')
('110000799560864', '110000799560865')
('110000799560865', '110000799560866')
('110000799560719', '110000799560718')
('110000799560718', '110000799560717')
('110000799560717', '110000799560716')
('110000799560716', '110000799560715')
('110000799560137', '110000799560136')
('110000799560136', '110000799560135')
('110000799560135', '110000799560134')
('110000799560134', '110000799560133')
('110000799560133', '110000799560132')
('110000799560132', '110000799560131')
('110000799560131', '110000799560130')
('110000799560130', '110000799560129')
('110000799560129', '110000799560062')
('110000799560062', '110000_白盆窑')
('110000799560062', '110000799560063')
('110000_白盆窑', '110000_花乡东桥')
('110000799560063', '110000799560064')
('110000_花乡东桥', '110000799560344')
('110000799560344', '110000799560343')
('110000799560344', '110000799560345')
('110000799560344', '110000_东管头南')
('110000799560343', '110000799560342')
('110000799560345', '110000_东管头南')
('110000799560345', '110000799560065')
('110000799560345', '110000799560346')
('110000_东管头南', '110000_丽泽商务区')
('110000_丽泽商务区', '110000_菜户营')
('110000_丽泽商务区', '110000_东管头')
('110000799560662', '110000799560661')
('110000799560661', '110000799560660')
('110000799560660', '110000799560239')
('110000799560239', '110000799560658')
('110000799560239', '110000799560841')
('110000799560239', '110000799560238')
('110000799560658', '110000799560657')
('110000799560841', '110000799560240')
('110000799560238', '110000799560322')
('110000799560238', '110000799560323')
('110000799560238', '110000799560575')
('110000799560238', '110000799560611')
('110000799560238', '110000_勇士营')
('110000799560657', '110000_高家园')
('110000_高家园', '110000799560655')
('110000_高家园', '110000_酒仙桥')
('110000_高家园', '110000_芳园里')
('110000799560655', '110000799560654')
('110000_酒仙桥', '110000_北岗子')
('110000_芳园里', '110000799560324')
('110000799560654', '110000799560653')
('110000799560653', '110000799560652')
('110000799560652', '110000799560101')
('110000799560652', '110000_石佛营')
('110000799560652', '110000799560327')
('110000799560101', '110000799560102')
('110000799560101', '110000799560100')
('110000_石佛营', '110000_星火')
('110000799560327', '110000799560326')
('110000799560327', '110000_工人体育场')
('110000799560327', '110000799560100')
('110000799560102', '110000799560103')
('110000_慈云寺桥', '110000_甘露园')
('110000799560647', '110000799560334')
('110000799560334', '110000_周家庄')
('110000799560334', '110000799560333')
('110000799560334', '110000799560335')
('110000799560334', '110000799560644')
('110000_周家庄', '110000_十八里店')
('110000799560335', '110000799560336')
('110000799560644', '110000799560194')
('110000799560194', '110000799560642')
('110000799560194', '110000799560193')
('110000799560642', '110000799560641')
('110000799560193', '110000799560150')
('110000799560641', '110000799560811')
('110000799560641', '110000_陶然桥')
('110000799560811', '110000799560810')
('110000_陶然桥', '110000799560458')
('110000799560458', '110000799560459')
('110000799560458', '110000_景风门')
('110000799560459', '110000799560341')
('110000_景风门', '110000799560342')
('110000_景风门', '110000_牛街')
('110000_景风门', '110000_西铁营')
('110000799560618', '110000799560096')
('110000799560096', '110000799560509')
('110000799560096', '110000799560095')
('110000799560096', '110000799560097')
('110000799560509', '110000799560401')
('110000799560095', '110000799560094')
('110000799560097', '110000799560201')
('110000799560401', '110000799560511')
('110000799560401', '110000799560400')
('110000799560401', '110000799560402')
('110000799560511', '110000799560512')
('110000799560400', '110000799560094')
('110000799560400', '110000_北太平庄')
('110000799560402', '110000799560203')
('110000799560512', '110000_马甸')
('110000799560512', '110000799560319')
('110000799560512', '110000_安贞桥')
('110000_马甸', '110000_北太平庄')
('110000799560319', '110000799560318')
('110000799560319', '110000799560514')
('110000799560319', '110000799560320')
('110000_安贞桥', '110000799560205')
('110000799560318', '110000799560317')
('110000799560514', '110000799560515')
('110000799560320', '110000799560206')
('110000799560515', '110000799560608')
('110000799560515', '110000799560516')
('110000799560515', '110000799560610')
('110000799560608', '110000799560607')
('110000799560516', '110000799560517')
('110000799560610', '110000799560208')
('110000799560517', '110000799560518')
('110000799560518', '110000799560519')
('110000799560519', '110000799560520')
('110000799560520', '110000799560521')
('110000799560521', '110000799560578')
('110000799560521', '110000799560522')
('110000799560521', '110000799560211')
('110000799560578', '110000799560579')
('110000799560522', '110000799560523')
('110000799560211', '110000799560210')
('110000799560211', '110000799560575')
('110000799560211', '110000799560212')
('110000799560523', '110000799560524')
('110000799560524', '110000799560182')
('110000799560182', '110000799560181')
('110000799560182', '110000799560183')
('110000799560181', '110000799560180')
('110000799560183', '110000799560184')
('110000799560903', '110000799560904')
('110000799560904', '110000799560905')
('110000799560905', '110000799560906')
('110000799560906', '110000799560907')
('110000799560907', '110000799560908')
('110000799560908', '110000799560909')
('110000799560909', '110000_模式口')
('110000799560909', '110000_北辛安')
('110000_北辛安', '110000_新首钢')
('110000799560443', '110000799560442')
('110000799560314', '110000799560315')
('110000799560315', '110000799560582')
('110000799560315', '110000799560584')
('110000799560315', '110000799560316')
('110000799560582', '110000799560581')
('110000799560584', '110000_蓟门桥')
('110000799560584', '110000799560417')
('110000799560316', '110000_学院桥')
('110000799560316', '110000799560317')
('110000799560316', '110000_蓟门桥')
('110000_学院桥', '110000799560607')
('110000799560317', '110000_北太平庄')
('110000_蓟门桥', '110000_北太平庄')
('110000799560206', '110000799560205')
('110000799560206', '110000799560207')
('110000799560206', '110000799560322')
('110000799560205', '110000799560204')
('110000799560205', '110000799560572')
('110000799560207', '110000799560208')
('110000799560322', '110000799560323')
('110000799560322', '110000799560572')
('110000799560323', '110000_西坝河')
('110000799560323', '110000799560324')
('110000799560572', '110000_西坝河')
('110000799560572', '110000799560571')
('110000_西坝河', '110000799560324')
('110000_西坝河', '110000_左家庄')
('110000799560324', '110000799560404')
('110000799560324', '110000_T2航站楼')
('110000799560324', '110000_T3航站楼')
('110000799560324', '110000799560325')
('110000799560404', '110000799560203')
('110000799560404', '110000799560405')
('110000799560404', '110000799560571')
('110000_T2航站楼', '110000_T3航站楼')
('110000799560325', '110000799560326')
('110000_工人体育场', '110000799560405')
('110000_工人体育场', '110000_左家庄')
('110000799560336', '110000799560150')
('110000799560150', '110000799560338')
('110000799560150', '110000799560151')
('110000799560338', '110000799560339')
('110000799560151', '110000799560152')
('110000799560339', '110000799560808')
('110000799560339', '110000799560340')
('110000799560339', '110000799560810')
('110000799560808', '110000799560807')
('110000799560340', '110000799560341')
('110000799560341', '110000799560461')
('110000799560341', '110000799560342')
('110000799560461', '110000799560462')
('110000799560342', '110000799560977')
('110000799560342', '110000_新发地')
('110000799560977', '110000799560979')
('110000_新发地', '110000799560462')
('110000799560065', '110000_富丰桥')
('110000799560065', '110000799560064')
('110000799560065', '110000799560066')
('110000799560346', '110000799560347')
('110000799560347', '110000799560068')
('110000799560347', '110000_东管头')
('110000799560347', '110000799560067')
('110000799560068', '110000799560067')
('110000799560067', '110000799560066')
('110000799560067', '110000799560622')
('110000799560089', '110000799560308')
('110000799560089', '110000799560088')
('110000799560089', '110000799560090')
('110000799560088', '110000799560919')
('110000_远大路', '110000_四季青')
('110000799560201', '110000799560202')
('110000799560202', '110000799560203')
('110000799560203', '110000799560204')
('110000799560208', '110000799560209')
('110000799560208', '110000799560611')
('110000799560209', '110000799560210')
('110000799560212', '110000799560213')
('110000799560213', '110000799560214')
('110000799560706', '110000799560705')
('110000799560705', '110000799560704')
('110000799560704', '110000799560834')
('110000799560834', '110000799560703')
('110000799560703', '110000_通运门')
('110000_通运门', '110000799560701')
('110000799560701', '110000799560700')
('110000799560700', '110000799560107')
('110000799560107', '110000799560106')
('110000799560106', '110000799560105')
('110000799560105', '110000799560104')
('110000799560104', '110000799560103')
('110000_京广桥', '110000_光华路')
('110000799560094', '110000799560452')
('110000799560094', '110000_金融街')
('110000799560094', '110000799560450')
('110000799560094', '110000799560093')
('110000_金融街', '110000_牛街')
('110000799560450', '110000799560417')
('110000799560093', '110000799560417')
('110000799560919', '110000799560921')
('110000799560921', '110000799560923')
('110000799560923', '110000799560925')
('110000799560547', '110000799560548')
('110000799560548', '110000799560549')
('110000799560549', '110000_永顺')
('110000799560549', '110000_定福庄')
('110000799560549', '110000799560550')
('110000_永顺', '110000_北关')
('110000_定福庄', '110000_甘露园')
('110000799560550', '110000799560551')
('110000799560551', '110000799560552')
('110000799560552', '110000799560553')
('110000799560553', '110000799560554')
('110000799560554', '110000799560555')
('110000_菜户营', '110000_西铁营')
('110000_富丰桥', '110000_看丹')
('110000_看丹', '110000_榆树庄')
('110000_榆树庄', '110000_宛平城')
('110000_管庄路西口', '110000_楼梓庄桥西')
('110000_管庄路西口', '110000_东风')
('110000_楼梓庄桥西', '110000_楼梓庄')
('110000_东风', '110000_东坝中街')
('110000_东风', '110000_北岗子')
('110000_东坝中街', '110000_平房村')
('110000799560462', '110000799560463')
('110000799560463', '110000799560464')
('110000799560464', '110000799560465')
('110000799560465', '110000799560466')
('110000799560466', '110000799560467')
('110000799560467', '110000799560468')
('110000799560468', '110000799560469')
('110000799560469', '110000799560470')
('110000799560470', '110000799560471')
('110000799560471', '110000799560472')
('110000799560622', '110000799560623')
('110000799560626', '110000799560625')
('110000799560625', '110000799560624')
('110000799560624', '110000799560623')
('110000799560937', '110000799560935')
('110000799560935', '110000799560804')
('110000799560804', '110000799560805')
('110000799560805', '110000799560806')
('110000799560806', '110000799560807')
('110000799560581', '110000_清河站')
('110000_清河站', '110000799560184')
('110000799560184', '110000799560579')
('110000799560184', '110000799758472')
('110000799758472', '110000_朱房北')
('110000_勇士营', '110000_清河营')
('110000799560180', '110000799560179')
('110000799560179', '110000799560178')
('110000799560178', '110000799560692')
('110000799560692', '110000799560693')
('110000799560693', '110000799560694')
('110000799560694', '110000799560695')
('110000799560695', '110000799560832')
('110000799560249', '110000799560248')
('110000799560248', '110000799560247')
('110000799560247', '110000799560246')
('110000799560246', '110000799560245')
('110000799560245', '110000799560244')
('110000799560244', '110000799560243')
('110000799560243', '110000799560242')
('110000799560242', '110000799560241')
('110000799560241', '110000799560240')
('110000799560607', '110000_学清')
('110000799560607', '110000799560606')
('110000_学清', '110000_小营桥')
('110000_小营桥', '110000_朱房北')
('110000_清河营', '110000_天通苑东')
('110000_天通苑东', '110000_未来科技城南')
('110000_未来科技城南', '110000_未来科技城北')
('110000_屈庄', '110000_融兴街')
('110000_融兴街', '110000_瑞合庄')
('110000_瑞合庄', '110000_太和桥北')
('110000_太和桥北', '110000_四海庄')
('110000_四海庄', '110000_九号村')
('110000_九号村', '110000_泰河路')
('110000_泰河路', '110000_鹿圈东')
('110000_鹿圈东', '110000_亦庄同仁')
('110000_亦庄同仁', '110000799560158')
('110000799560158', '110000_亦创会展中心')
('110000799560158', '110000799560159')
('110000799560158', '110000799560157')
('110000_亦创会展中心', '110000_经海一路')
('110000799560159', '110000799560160')
('110000799560157', '110000799560156')
('110000_经海一路', '110000_定海园西')
('110000_定海园西', '110000_定海园')
('110000799560152', '110000799560153')
('110000799560153', '110000799560154')
('110000799560154', '110000799560155')
('110000799560155', '110000799560156')
('110000799560160', '110000799560161')
('110000799560161', '110000799560162')
('110000799560162', '110000_麦庄')
('110000799560162', '110000_次渠北')
('110000799560162', '110000799560163')
('110000_次渠北', '110000_北神树')
('110000_北神树', '110000_十八里店')
('110000_曹各庄北', '110000_高辛庄')
('110000_高辛庄', '110000_楼梓庄')
('110000_平房村', '110000_体育中心')
('110000_体育中心', '110000_星火')
('110000_平谷', '110000_马昌营')
('110000_马昌营', '110000_马坊')
('110000_马坊', '110000_齐心庄')
('110000_齐心庄', '110000_高楼')
('110000_高楼', '110000_潮白大街')
('110000_潮白大街', '110000_神威大街')
('110000_神威大街', '110000_燕郊镇')
('110000_燕郊镇', '110000_政务中心东')
('110000_政务中心东', '110000_政务中心')
('110000_政务中心', '110000_副中心')
('110000_副中心', '110000_运河商务中心')
('110000_运河商务中心', '110000_北关')
('110000_周口店镇', '110000_顾册')
